<?xml version="1.0" encoding="UTF-8"?>
<!-- Generated by org.testng.reporters.JUnitReportReporter -->
<testsuite hostname="DESKTOP-MG2726E" failures="0" tests="1" name="api_classes.TC_07_Delete_Booking" time="4.600" errors="0" timestamp="2025-07-22T15:26:32 IST" skipped="0">
  <testcase classname="api_classes.TC_07_Delete_Booking" name="deleteBookingTest" time="4.600"/>
</testsuite> <!-- api_classes.TC_07_Delete_Booking -->
