<?xml version="1.0" encoding="UTF-8"?>
<!-- Generated by org.testng.reporters.JUnitReportReporter -->
<testsuite hostname="DESKTOP-MG2726E" failures="0" tests="1" name="api_classes.TC_01_Token_Generation" time="6.451" errors="0" timestamp="2025-07-22T13:21:09 IST" skipped="0">
  <testcase classname="api_classes.TC_01_Token_Generation" name="generateToken" time="6.451"/>
</testsuite> <!-- api_classes.TC_01_Token_Generation -->
