<?xml version="1.0" encoding="UTF-8"?>
<!-- Generated by org.testng.reporters.JUnitReportReporter -->
<testsuite hostname="DESKTOP-MG2726E" failures="0" tests="1" name="api_classes.TC_05_Update_Booking" time="6.561" errors="0" timestamp="2025-07-22T14:04:36 IST" skipped="0">
  <testcase classname="api_classes.TC_05_Update_Booking" name="updateBooking" time="6.561"/>
</testsuite> <!-- api_classes.TC_05_Update_Booking -->
