<?xml version="1.0" encoding="UTF-8"?>
<!-- Generated by org.testng.reporters.JUnitReportReporter -->
<testsuite hostname="DESKTOP-MG2726E" failures="0" tests="1" name="api.TC_01_CreateBooking" time="3.468" errors="0" timestamp="2025-07-22T12:25:24 IST" skipped="0">
  <testcase classname="api.TC_01_CreateBooking" name="createBookingTest" time="3.468"/>
</testsuite> <!-- api.TC_01_CreateBooking -->
