<?xml version="1.0" encoding="UTF-8"?>
<!-- Generated by org.testng.reporters.JUnitReportReporter -->
<testsuite hostname="DESKTOP-MG2726E" failures="0" tests="1" name="api_classes.TC_04_Get_Perticular_booking" time="4.521" errors="0" timestamp="2025-07-22T14:04:36 IST" skipped="0">
  <testcase classname="api_classes.TC_04_Get_Perticular_booking" name="getBookingById" time="4.521"/>
</testsuite> <!-- api_classes.TC_04_Get_Perticular_booking -->
