<?xml version="1.0" encoding="UTF-8"?>
<!-- Generated by org.testng.reporters.JUnitReportReporter -->
<testsuite hostname="DESKTOP-MG2726E" failures="0" tests="1" name="api_classes.TC_02_GetAll_Bookings" time="5.054" errors="0" timestamp="2025-07-22T15:26:32 IST" skipped="0">
  <testcase classname="api_classes.TC_02_GetAll_Bookings" name="getAllBookings" time="5.054"/>
</testsuite> <!-- api_classes.TC_02_GetAll_Bookings -->
