<?xml version="1.0" encoding="UTF-8"?>
<!-- Generated by org.testng.reporters.JUnitReportReporter -->
<testsuite hostname="DESKTOP-MG2726E" failures="0" tests="1" name="api_classes.TC_03_Create_Booking" time="4.349" errors="0" timestamp="2025-07-22T14:04:36 IST" skipped="0">
  <testcase classname="api_classes.TC_03_Create_Booking" name="createBookingTest" time="4.349"/>
</testsuite> <!-- api_classes.TC_03_Create_Booking -->
